<html>
<body>
<pre>
<h1>µVision Build Log</h1>
<h2>Tool Versions:</h2>
IDE-Version: µVision V5.14.2.1
Copyright (C) 2015 ARM Ltd and ARM Germany GmbH. All rights reserved.
License Information: N/A N/A, N/A, LIC=9W13W-QN69D-UHC89-U41S0-0XATJ-GB1Q7
 
Tool Versions:
Toolchain:       PK51 Prof. Developers Kit  Version: 9.55
Toolchain Path:  C:\Keil_v5\C51\BIN
C Compiler:      C51.exe V9.55
Assembler:       A51.exe V8.02c
Linker/Locator:  BL51.exe V6.22
Library Manager: LIB51.exe V4.30.1.0
Hex Converter:   OH51.exe V2.7.0.0
CPU DLL:         S8051.DLL V3.101.0.0
Dialog DLL:      DP51.DLL V2.62.0.1 
<h2>Project:</h2>
C:\Users\italo\Documents\Dev\rastreamento-inercial\Host e Sensor - Andrei\Host-Module\host_code\host_project.uvproj
Project File Date:  02/15/2017

<h2>Output:</h2>
Rebuild target 'Host'
compiling host.c...
host.c(1): warning C500: LICENSE ERROR (R207(2): REGISTRY READ ERROR)
..\..\libraries\nRF-SPIComands.h(4): warning C318: can't open file 'API.h'
..\..\libraries\nRF-SPIComands.h(35): error C129: missing ';' before 'code'
C:\Nordic Semiconductor\nRFgo SDK 2.3.0.10040\source_code\hal\nrf24le1\hal_uart.h(35): warning C318: can't open file 'stdint.h'
C:\Nordic Semiconductor\nRFgo SDK 2.3.0.10040\source_code\hal\nrf24le1\hal_uart.h(36): warning C318: can't open file 'stdbool.h'
..\..\libraries\timer0.h(5): warning C318: can't open file 'stdint.h'
..\..\libraries\timer0.h(6): warning C318: can't open file 'stdbool.h'
..\..\libraries\timer0.h(7): warning C318: can't open file 'API.h'
compiling hal_delay.c...
C:\Nordic Semiconductor\nRFgo SDK 2.3.0.10040\source_code\hal\hal_delay.c(1): warning C500: LICENSE ERROR (R207(2): REGISTRY READ ERROR)
C:\Nordic Semiconductor\nRFgo SDK 2.3.0.10040\source_code\hal\hal_delay.h(3): warning C318: can't open file 'stdint.h'
C:\Nordic Semiconductor\nRFgo SDK 2.3.0.10040\source_code\hal\hal_delay.h(11): error C141: syntax error near 'us', expected ')'
C:\Nordic Semiconductor\nRFgo SDK 2.3.0.10040\source_code\hal\hal_delay.h(16): error C141: syntax error near 'ms', expected ')'
C:\Nordic Semiconductor\nRFgo SDK 2.3.0.10040\source_code\hal\hal_delay.c(37): error C141: syntax error near 'us', expected ')'
C:\Nordic Semiconductor\nRFgo SDK 2.3.0.10040\source_code\hal\hal_delay.c(46): error C202: 'us': undefined identifier
C:\Nordic Semiconductor\nRFgo SDK 2.3.0.10040\source_code\hal\hal_delay.c(49): error C141: syntax error near 'ms', expected ')'
C:\Nordic Semiconductor\nRFgo SDK 2.3.0.10040\source_code\hal\hal_delay.c(57): error C202: 'ms': undefined identifier
compiling hal_uart.c...
C:\Nordic Semiconductor\nRFgo SDK 2.3.0.10040\source_code\hal\nrf24le1\hal_uart.c(1): warning C500: LICENSE ERROR (R207(2): REGISTRY READ ERROR)
C:\Nordic Semiconductor\nRFgo SDK 2.3.0.10040\source_code\hal\nrf24le1\hal_uart.c(22): warning C318: can't open file 'stdint.h'
C:\Nordic Semiconductor\nRFgo SDK 2.3.0.10040\source_code\hal\nrf24le1\hal_uart.c(23): warning C318: can't open file 'stdbool.h'
C:\Nordic Semiconductor\nRFgo SDK 2.3.0.10040\source_code\hal\nrf24le1\hal_uart.h(35): warning C318: can't open file 'stdint.h'
C:\Nordic Semiconductor\nRFgo SDK 2.3.0.10040\source_code\hal\nrf24le1\hal_uart.h(36): warning C318: can't open file 'stdbool.h'
C:\Nordic Semiconductor\nRFgo SDK 2.3.0.10040\source_code\hal\nrf24le1\hal_uart.h(64): error C141: syntax error near 'ch', expected ')'
C:\Nordic Semiconductor\nRFgo SDK 2.3.0.10040\source_code\hal\nrf24le1\hal_uart.h(69): error C129: missing ';' before 'hal_uart_tx_complete'
Target not created.
</pre>
</body>
</html>
